<?xml version="1.0" encoding="UTF-8"?>
<!-- Generated by org.testng.reporters.JUnitReportReporter -->
<testsuite hostname="DESKTOP-DH1DB40" failures="0" tests="5" name="com.TestCases.IndexPageTest" time="2.735" errors="0" timestamp="2024-12-28T14:00:09 IST" skipped="0">
  <testcase classname="com.TestCases.IndexPageTest" name="pageSetup" time="0.867"/>
  <system-out/>
  <testcase classname="com.TestCases.IndexPageTest" name="validateCategories" time="0.102"/>
  <system-out/>
  <testcase classname="com.TestCases.IndexPageTest" name="validateOptions" time="0.938"/>
  <system-out/>
  <testcase classname="com.TestCases.IndexPageTest" name="validateAppUrl" time="0.039"/>
  <system-out/>
  <testcase classname="com.TestCases.IndexPageTest" name="launchCartPage" time="0.789"/>
  <system-out/>
</testsuite> <!-- com.TestCases.IndexPageTest -->
