<?xml version="1.0" encoding="UTF-8"?>
<!-- Generated by org.testng.reporters.JUnitReportReporter -->
<testsuite hostname="DESKTOP-DH1DB40" failures="0" tests="4" name="com.TestCases.HomePageTest" time="3.207" errors="0" timestamp="2024-12-28T14:00:09 IST" skipped="0">
  <testcase classname="com.TestCases.HomePageTest" name="vaidateListOfOptions" time="0.055"/>
  <system-out/>
  <testcase classname="com.TestCases.HomePageTest" name="validateOptions" time="0.191"/>
  <system-out/>
  <testcase classname="com.TestCases.HomePageTest" name="validatesignIn" time="2.333"/>
  <system-out/>
  <testcase classname="com.TestCases.HomePageTest" name="validateLogin" time="0.628"/>
  <system-out/>
</testsuite> <!-- com.TestCases.HomePageTest -->
