<?xml version="1.0" encoding="UTF-8"?>
<!-- Generated by org.testng.reporters.JUnitReportReporter -->
<testsuite hostname="DESKTOP-DH1DB40" failures="0" tests="1" name="com.Scenario1.DropDownWithoutSelectTag" time="13.604" errors="0" timestamp="2024-12-28T11:33:52 IST" skipped="0">
  <testcase classname="com.Scenario1.DropDownWithoutSelectTag" name="testDropdown" time="13.604"/>
  <system-out/>
</testsuite> <!-- com.Scenario1.DropDownWithoutSelectTag -->
